Using pre-set license
Built from '2021.3/staging' branch; Version is '2021.3.2f1 (d6360bedb9a0) revision 14038539'; Using compiler version '192829333'; Build Type 'Release'
OS: 'Windows 10  (10.0.18363) 64bit Core' Language: 'zh' Physical Memory: 16272 MB
BatchMode: 1, IsHumanControllingUs: 0, StartBugReporterOnCrash: 0, Is64bit: 1, IsPro: 1

COMMAND LINE ARGUMENTS:
C:\Program Files (x86)\2021.3.2f1\Editor\Unity.exe
-adb2
-batchMode
-noUpm
-name
AssetImportWorker0
-projectPath
D:/Old 3D Project/Unity/Game Programming Patterns Pratice
-logFile
Logs/AssetImportWorker0.log
-srvPort
3582
Successfully changed project path to: D:/Old 3D Project/Unity/Game Programming Patterns Pratice
D:/Old 3D Project/Unity/Game Programming Patterns Pratice
[UnityMemory] Configuration Parameters - Can be set up in boot.config
    "memorysetup-bucket-allocator-granularity=16"
    "memorysetup-bucket-allocator-bucket-count=8"
    "memorysetup-bucket-allocator-block-size=33554432"
    "memorysetup-bucket-allocator-block-count=8"
    "memorysetup-main-allocator-block-size=16777216"
    "memorysetup-thread-allocator-block-size=16777216"
    "memorysetup-gfx-main-allocator-block-size=16777216"
    "memorysetup-gfx-thread-allocator-block-size=16777216"
    "memorysetup-cache-allocator-block-size=4194304"
    "memorysetup-typetree-allocator-block-size=2097152"
    "memorysetup-profiler-bucket-allocator-granularity=16"
    "memorysetup-profiler-bucket-allocator-bucket-count=8"
    "memorysetup-profiler-bucket-allocator-block-size=33554432"
    "memorysetup-profiler-bucket-allocator-block-count=8"
    "memorysetup-profiler-allocator-block-size=16777216"
    "memorysetup-profiler-editor-allocator-block-size=1048576"
    "memorysetup-temp-allocator-size-main=16777216"
    "memorysetup-job-temp-allocator-block-size=2097152"
    "memorysetup-job-temp-allocator-block-size-background=1048576"
    "memorysetup-job-temp-allocator-reduction-small-platforms=262144"
    "memorysetup-temp-allocator-size-background-worker=32768"
    "memorysetup-temp-allocator-size-job-worker=262144"
    "memorysetup-temp-allocator-size-preload-manager=33554432"
    "memorysetup-temp-allocator-size-nav-mesh-worker=65536"
    "memorysetup-temp-allocator-size-audio-worker=65536"
    "memorysetup-temp-allocator-size-cloud-worker=32768"
    "memorysetup-temp-allocator-size-gi-baking-worker=262144"
    "memorysetup-temp-allocator-size-gfx=262144"
Refreshing native plugins compatible for Editor in 124.36 ms, found 3 plugins.
Preloading 0 native plugins for Editor in 0.00 ms.
Initialize engine version: 2021.3.2f1 (d6360bedb9a0)
[Subsystems] Discovering subsystems at path C:/Program Files (x86)/2021.3.2f1/Editor/Data/Resources/UnitySubsystems
[Subsystems] Discovering subsystems at path D:/Old 3D Project/Unity/Game Programming Patterns Pratice/Assets
GfxDevice: creating device client; threaded=0; jobified=0
Direct3D:
    Version:  Direct3D 11.0 [level 11.1]
    Renderer: NVIDIA GeForce GTX 1050 Ti (ID=0x1c8c)
    Vendor:   NVIDIA
    VRAM:     4018 MB
    Driver:   30.0.15.1278
Initialize mono
Mono path[0] = 'C:/Program Files (x86)/2021.3.2f1/Editor/Data/Managed'
Mono path[1] = 'C:/Program Files (x86)/2021.3.2f1/Editor/Data/MonoBleedingEdge/lib/mono/unityjit-win32'
Mono config path = 'C:/Program Files (x86)/2021.3.2f1/Editor/Data/MonoBleedingEdge/etc'
Using monoOptions --debugger-agent=transport=dt_socket,embedding=1,server=y,suspend=n,address=127.0.0.1:56320
Begin MonoManager ReloadAssembly
Registering precompiled unity dll's ...
Register platform support module: C:/Program Files (x86)/2021.3.2f1/Editor/Data/PlaybackEngines/AndroidPlayer/UnityEditor.Android.Extensions.dll
Register platform support module: C:/Program Files (x86)/2021.3.2f1/Editor/Data/PlaybackEngines/WindowsStandaloneSupport/UnityEditor.WindowsStandalone.Extensions.dll
Registered in 0.005699 seconds.
Native extension for WindowsStandalone target not found
Native extension for Android target not found
Refreshing native plugins compatible for Editor in 110.46 ms, found 3 plugins.
Preloading 0 native plugins for Editor in 0.00 ms.
Mono: successfully reloaded assembly
- Completed reload, in  0.747 seconds
Domain Reload Profiling:
	ReloadAssembly (747ms)
		BeginReloadAssembly (93ms)
			ExecutionOrderSort (0ms)
			DisableScriptedObjects (0ms)
			BackupInstance (0ms)
			ReleaseScriptingObjects (0ms)
			CreateAndSetChildDomain (1ms)
		EndReloadAssembly (532ms)
			LoadAssemblies (90ms)
			RebuildTransferFunctionScriptingTraits (0ms)
			SetupTypeCache (115ms)
			ReleaseScriptCaches (0ms)
			RebuildScriptCaches (33ms)
			SetupLoadedEditorAssemblies (330ms)
				LogAssemblyErrors (0ms)
				InitializePlatformSupportModulesInManaged (61ms)
				SetLoadedEditorAssemblies (2ms)
				RefreshPlugins (111ms)
				BeforeProcessingInitializeOnLoad (1ms)
				ProcessInitializeOnLoadAttributes (104ms)
				ProcessInitializeOnLoadMethodAttributes (51ms)
				AfterProcessingInitializeOnLoad (0ms)
				EditorAssembliesLoaded (0ms)
			ExecutionOrderSort2 (0ms)
			AwakeInstancesAfterBackupRestoration (0ms)
Platform modules already initialized, skipping
Registering precompiled user dll's ...
Registered in 0.004974 seconds.
Begin MonoManager ReloadAssembly
Symbol file LoadedFromMemory doesn't match image D:\Old 3D Project\Unity\Game Programming Patterns Pratice\Library\PackageCache\com.unity.visualscripting@1.7.6\Editor\VisualScripting.Core\Dependencies\YamlDotNet\Unity.VisualScripting.YamlDotNet.dll
Symbol file LoadedFromMemory doesn't match image D:\Old 3D Project\Unity\Game Programming Patterns Pratice\Library\PackageCache\com.unity.visualscripting@1.7.6\Editor\VisualScripting.Core\Dependencies\DotNetZip\Unity.VisualScripting.IonicZip.dll
Native extension for WindowsStandalone target not found
Native extension for Android target not found
Refreshing native plugins compatible for Editor in 0.64 ms, found 3 plugins.
Preloading 0 native plugins for Editor in 0.00 ms.
Mono: successfully reloaded assembly
- Completed reload, in  1.283 seconds
Domain Reload Profiling:
	ReloadAssembly (1284ms)
		BeginReloadAssembly (216ms)
			ExecutionOrderSort (0ms)
			DisableScriptedObjects (6ms)
			BackupInstance (0ms)
			ReleaseScriptingObjects (0ms)
			CreateAndSetChildDomain (120ms)
		EndReloadAssembly (936ms)
			LoadAssemblies (84ms)
			RebuildTransferFunctionScriptingTraits (0ms)
			SetupTypeCache (320ms)
			ReleaseScriptCaches (1ms)
			RebuildScriptCaches (60ms)
			SetupLoadedEditorAssemblies (433ms)
				LogAssemblyErrors (0ms)
				InitializePlatformSupportModulesInManaged (15ms)
				SetLoadedEditorAssemblies (1ms)
				RefreshPlugins (1ms)
				BeforeProcessingInitializeOnLoad (92ms)
				ProcessInitializeOnLoadAttributes (285ms)
				ProcessInitializeOnLoadMethodAttributes (30ms)
				AfterProcessingInitializeOnLoad (9ms)
				EditorAssembliesLoaded (0ms)
			ExecutionOrderSort2 (0ms)
			AwakeInstancesAfterBackupRestoration (9ms)
Platform modules already initialized, skipping
========================================================================
Worker process is ready to serve import requests
Launched and connected shader compiler UnityShaderCompiler.exe after 0.07 seconds
Refreshing native plugins compatible for Editor in 1.21 ms, found 3 plugins.
Preloading 0 native plugins for Editor in 0.00 ms.
Unloading 3604 Unused Serialized files (Serialized files now loaded: 0)
Unloading 42 unused Assets / (186.0 KB). Loaded Objects now: 4122.
Memory consumption went from 134.2 MB to 134.0 MB.
Total: 3.269600 ms (FindLiveObjects: 0.294100 ms CreateObjectMapping: 0.217600 ms MarkObjects: 2.631200 ms  DeleteObjects: 0.126000 ms)

AssetImportParameters requested are different than current active one (requested -> active):
  custom:video-decoder-ogg-theora: a1e56fd34408186e4bbccfd4996cb3dc -> 
  custom:container-muxer-webm: aa71ff27fc2769a1b78a27578f13a17b -> 
  custom:container-demuxer-webm: 4f35f7cbe854078d1ac9338744f61a02 -> 
  custom:video-encoder-webm-vp8: eb34c28f22e8b96e1ab97ce403110664 -> 
  custom:video-codec-MediaFoundation-h265: 746d11721c4dcdbdad8f713fa42b33f4 -> 
  custom:audio-encoder-webm-vorbis: bf7c407c2cedff20999df2af8eb42d56 -> 
  custom:framework-win-MediaFoundation: 216162199b28c13a410421893ffa2e32 -> 
  custom:container-demuxer-ogg: 62fdf1f143b41e24485cea50d1cbac27 -> 
  custom:video-decoder-webm-vp8: 9c59270c3fd7afecdb556c50c9e8de78 -> 
  custom:audio-decoder-ogg-vorbis: bf7c407c2cedff20999df2af8eb42d56 -> 
========================================================================
Received Import Request.
  Time since last request: 580557.595301 seconds.
  path: Assets/SkillFrameWork
  artifactKey: Guid(3a161b5715298eb4b9af791032fc92b7) Importer(815301076,1909f56bfc062723c751e8b465ee728b)
Start importing Assets/SkillFrameWork using Guid(3a161b5715298eb4b9af791032fc92b7) Importer(815301076,1909f56bfc062723c751e8b465ee728b)  -> (artifact id: '598a447afdff40209f8ecffaf2c49252') in 0.009674 seconds 
========================================================================
Received Import Request.
  Time since last request: 14.941040 seconds.
  path: Assets/SkillFrameWork/Demo
  artifactKey: Guid(b91702847be034a429cb20b4e3880881) Importer(815301076,1909f56bfc062723c751e8b465ee728b)
Start importing Assets/SkillFrameWork/Demo using Guid(b91702847be034a429cb20b4e3880881) Importer(815301076,1909f56bfc062723c751e8b465ee728b)  -> (artifact id: 'bd1c6b1f8647956d0afe830214de87bf') in 0.006937 seconds 
========================================================================
Received Import Request.
  Time since last request: 1.140301 seconds.
  path: Assets/SkillFrameWork/Demo/PlayerControllerUI.cs
  artifactKey: Guid(70e2eb6ef9d253744aa0d66d7474c7b1) Importer(815301076,1909f56bfc062723c751e8b465ee728b)
Start importing Assets/SkillFrameWork/Demo/PlayerControllerUI.cs using Guid(70e2eb6ef9d253744aa0d66d7474c7b1) Importer(815301076,1909f56bfc062723c751e8b465ee728b)  -> (artifact id: '35104a7c5959d14384ee38e979a1cd71') in 0.026617 seconds 
========================================================================
Received Import Request.
  Time since last request: 13.202644 seconds.
  path: Assets/SkillFrameWork/StateEvents
  artifactKey: Guid(6e339996ce80ac441a6a28c7ea9c18e6) Importer(815301076,1909f56bfc062723c751e8b465ee728b)
Start importing Assets/SkillFrameWork/StateEvents using Guid(6e339996ce80ac441a6a28c7ea9c18e6) Importer(815301076,1909f56bfc062723c751e8b465ee728b)  -> (artifact id: '6f39df182b9a2c10903534126838264a') in 0.006727 seconds 
========================================================================
Received Import Request.
  Time since last request: 1.300719 seconds.
  path: Assets/SkillFrameWork/Res
  artifactKey: Guid(b956f8fa935ab5647ac3b6e90aa94c77) Importer(815301076,1909f56bfc062723c751e8b465ee728b)
Start importing Assets/SkillFrameWork/Res using Guid(b956f8fa935ab5647ac3b6e90aa94c77) Importer(815301076,1909f56bfc062723c751e8b465ee728b)  -> (artifact id: 'bc438f4184817ee2823da262f2deaf49') in 0.006017 seconds 
========================================================================
Received Import Request.
  Time since last request: 0.388161 seconds.
  path: Assets/SkillFrameWork/NodeEditor
  artifactKey: Guid(7d91687365443a94e8f8d7fbf84047b2) Importer(815301076,1909f56bfc062723c751e8b465ee728b)
Start importing Assets/SkillFrameWork/NodeEditor using Guid(7d91687365443a94e8f8d7fbf84047b2) Importer(815301076,1909f56bfc062723c751e8b465ee728b)  -> (artifact id: '9cc8b960307d2ad9455f071d3acac8b6') in 0.005344 seconds 
========================================================================
Received Import Request.
  Time since last request: 0.312507 seconds.
  path: Assets/SkillFrameWork/Monster
  artifactKey: Guid(3680622988b709243a5aecb4b4387137) Importer(815301076,1909f56bfc062723c751e8b465ee728b)
Start importing Assets/SkillFrameWork/Monster using Guid(3680622988b709243a5aecb4b4387137) Importer(815301076,1909f56bfc062723c751e8b465ee728b)  -> (artifact id: 'cb6aa77c66904f54d72df1d4268aa766') in 0.006049 seconds 
========================================================================
Received Import Request.
  Time since last request: 0.362737 seconds.
  path: Assets/SkillFrameWork/InputSystem
  artifactKey: Guid(f4a7556d0509b0642803bd4aee37b397) Importer(815301076,1909f56bfc062723c751e8b465ee728b)
Start importing Assets/SkillFrameWork/InputSystem using Guid(f4a7556d0509b0642803bd4aee37b397) Importer(815301076,1909f56bfc062723c751e8b465ee728b)  -> (artifact id: '9d60d2c8a0344945410d4e0ddfab7b22') in 0.005717 seconds 
========================================================================
Received Import Request.
  Time since last request: 0.332312 seconds.
  path: Assets/SkillFrameWork/Editor
  artifactKey: Guid(5c727353d92e05a41a9479cf1bc2cc57) Importer(815301076,1909f56bfc062723c751e8b465ee728b)
Start importing Assets/SkillFrameWork/Editor using Guid(5c727353d92e05a41a9479cf1bc2cc57) Importer(815301076,1909f56bfc062723c751e8b465ee728b)  -> (artifact id: '7331a8013bc9d295baaf2b355870f0c2') in 0.006999 seconds 
========================================================================
Received Import Request.
  Time since last request: 47.134667 seconds.
  path: Assets/SkillFrameWork/Editor/Track.cs
  artifactKey: Guid(217a5121e0c3c1a43bf9b59bb962cf90) Importer(815301076,1909f56bfc062723c751e8b465ee728b)
Start importing Assets/SkillFrameWork/Editor/Track.cs using Guid(217a5121e0c3c1a43bf9b59bb962cf90) Importer(815301076,1909f56bfc062723c751e8b465ee728b)  -> (artifact id: 'f0186c54dd5c261fe75da22428e86c15') in 0.004874 seconds 
========================================================================
Received Import Request.
  Time since last request: 1.256586 seconds.
  path: Assets/SkillFrameWork/Editor/SkillMangerInspector.cs
  artifactKey: Guid(27b2aff56843f3943b675a07e5e5dd67) Importer(815301076,1909f56bfc062723c751e8b465ee728b)
Start importing Assets/SkillFrameWork/Editor/SkillMangerInspector.cs using Guid(27b2aff56843f3943b675a07e5e5dd67) Importer(815301076,1909f56bfc062723c751e8b465ee728b)  -> (artifact id: '174036c3b2aa50066c70697e6995ad17') in 0.005681 seconds 
========================================================================
Received Import Request.
  Time since last request: 1.600755 seconds.
  path: Assets/SkillFrameWork/Editor/AnimationTrack.cs
  artifactKey: Guid(e8ffe4e8f7c8a2a4fb09a200380bbf26) Importer(815301076,1909f56bfc062723c751e8b465ee728b)
Start importing Assets/SkillFrameWork/Editor/AnimationTrack.cs using Guid(e8ffe4e8f7c8a2a4fb09a200380bbf26) Importer(815301076,1909f56bfc062723c751e8b465ee728b)  -> (artifact id: 'c3928a8d21f5b710cda65eb8b8dcb87a') in 0.005643 seconds 
========================================================================
Received Import Request.
  Time since last request: 0.637882 seconds.
  path: Assets/SkillFrameWork/Editor/BulletTrack.cs
  artifactKey: Guid(e1b25aba35930454fbaf0eb231d888e6) Importer(815301076,1909f56bfc062723c751e8b465ee728b)
Start importing Assets/SkillFrameWork/Editor/BulletTrack.cs using Guid(e1b25aba35930454fbaf0eb231d888e6) Importer(815301076,1909f56bfc062723c751e8b465ee728b)  -> (artifact id: '05c691b4015c06aa96ae9dfeb9570d78') in 0.005331 seconds 
========================================================================
Received Import Request.
  Time since last request: 0.601518 seconds.
  path: Assets/SkillFrameWork/Editor/EffectTrack.cs
  artifactKey: Guid(8394151730cf9fb4985214f6e97b2347) Importer(815301076,1909f56bfc062723c751e8b465ee728b)
Start importing Assets/SkillFrameWork/Editor/EffectTrack.cs using Guid(8394151730cf9fb4985214f6e97b2347) Importer(815301076,1909f56bfc062723c751e8b465ee728b)  -> (artifact id: 'd7a221de8c8afa6badf98a9265f0e3bc') in 0.006111 seconds 
========================================================================
Received Prepare
Registering precompiled user dll's ...
Registered in 0.004416 seconds.
Begin MonoManager ReloadAssembly
Symbol file LoadedFromMemory doesn't match image D:\Old 3D Project\Unity\Game Programming Patterns Pratice\Library\PackageCache\com.unity.visualscripting@1.7.6\Editor\VisualScripting.Core\Dependencies\YamlDotNet\Unity.VisualScripting.YamlDotNet.dll
Symbol file LoadedFromMemory doesn't match image D:\Old 3D Project\Unity\Game Programming Patterns Pratice\Library\PackageCache\com.unity.visualscripting@1.7.6\Editor\VisualScripting.Core\Dependencies\DotNetZip\Unity.VisualScripting.IonicZip.dll
Native extension for WindowsStandalone target not found
Native extension for Android target not found
Refreshing native plugins compatible for Editor in 0.60 ms, found 3 plugins.
Preloading 0 native plugins for Editor in 0.00 ms.
Mono: successfully reloaded assembly
- Completed reload, in  1.146 seconds
Domain Reload Profiling:
	ReloadAssembly (1147ms)
		BeginReloadAssembly (143ms)
			ExecutionOrderSort (0ms)
			DisableScriptedObjects (5ms)
			BackupInstance (0ms)
			ReleaseScriptingObjects (0ms)
			CreateAndSetChildDomain (40ms)
		EndReloadAssembly (896ms)
			LoadAssemblies (98ms)
			RebuildTransferFunctionScriptingTraits (0ms)
			SetupTypeCache (327ms)
			ReleaseScriptCaches (1ms)
			RebuildScriptCaches (47ms)
			SetupLoadedEditorAssemblies (382ms)
				LogAssemblyErrors (0ms)
				InitializePlatformSupportModulesInManaged (22ms)
				SetLoadedEditorAssemblies (0ms)
				RefreshPlugins (1ms)
				BeforeProcessingInitializeOnLoad (69ms)
				ProcessInitializeOnLoadAttributes (245ms)
				ProcessInitializeOnLoadMethodAttributes (34ms)
				AfterProcessingInitializeOnLoad (9ms)
				EditorAssembliesLoaded (0ms)
			ExecutionOrderSort2 (0ms)
			AwakeInstancesAfterBackupRestoration (12ms)
Platform modules already initialized, skipping
Refreshing native plugins compatible for Editor in 1.65 ms, found 3 plugins.
Preloading 0 native plugins for Editor in 0.00 ms.
Unloading 3580 Unused Serialized files (Serialized files now loaded: 0)
Unloading 23 unused Assets / (153.2 KB). Loaded Objects now: 4137.
Memory consumption went from 132.1 MB to 132.0 MB.
Total: 3.512400 ms (FindLiveObjects: 0.255900 ms CreateObjectMapping: 0.155600 ms MarkObjects: 2.998100 ms  DeleteObjects: 0.101800 ms)

AssetImportParameters requested are different than current active one (requested -> active):
  custom:video-decoder-ogg-theora: a1e56fd34408186e4bbccfd4996cb3dc -> 
  custom:container-muxer-webm: aa71ff27fc2769a1b78a27578f13a17b -> 
  custom:container-demuxer-webm: 4f35f7cbe854078d1ac9338744f61a02 -> 
  custom:video-encoder-webm-vp8: eb34c28f22e8b96e1ab97ce403110664 -> 
  custom:video-codec-MediaFoundation-h265: 746d11721c4dcdbdad8f713fa42b33f4 -> 
  custom:audio-encoder-webm-vorbis: bf7c407c2cedff20999df2af8eb42d56 -> 
  custom:framework-win-MediaFoundation: 216162199b28c13a410421893ffa2e32 -> 
  custom:container-demuxer-ogg: 62fdf1f143b41e24485cea50d1cbac27 -> 
  custom:video-decoder-webm-vp8: 9c59270c3fd7afecdb556c50c9e8de78 -> 
  custom:audio-decoder-ogg-vorbis: bf7c407c2cedff20999df2af8eb42d56 -> 
========================================================================
Received Import Request.
  Time since last request: 146.980398 seconds.
  path: Assets/SkillFrameWork/BuffCfg.cs
  artifactKey: Guid(b3cb230451db2614b8d4a574e50baa48) Importer(815301076,1909f56bfc062723c751e8b465ee728b)
Start importing Assets/SkillFrameWork/BuffCfg.cs using Guid(b3cb230451db2614b8d4a574e50baa48) Importer(815301076,1909f56bfc062723c751e8b465ee728b)  -> (artifact id: '95b7964dd867b4c8fe72e6bba3026f31') in 0.014079 seconds 
========================================================================
Received Import Request.
  Time since last request: 0.937840 seconds.
  path: Assets/SkillFrameWork/HitCfg.cs
  artifactKey: Guid(f6b0cbfc1c85d4a47877813a0ba84e99) Importer(815301076,1909f56bfc062723c751e8b465ee728b)
Start importing Assets/SkillFrameWork/HitCfg.cs using Guid(f6b0cbfc1c85d4a47877813a0ba84e99) Importer(815301076,1909f56bfc062723c751e8b465ee728b)  -> (artifact id: 'a88697d1ba91da0c3a8276e248f006e8') in 0.004820 seconds 
========================================================================
Received Import Request.
  Time since last request: 0.919124 seconds.
  path: Assets/SkillFrameWork/InputManager.cs
  artifactKey: Guid(5779d0878c6d605498e5a537d1772491) Importer(815301076,1909f56bfc062723c751e8b465ee728b)
Start importing Assets/SkillFrameWork/InputManager.cs using Guid(5779d0878c6d605498e5a537d1772491) Importer(815301076,1909f56bfc062723c751e8b465ee728b)  -> (artifact id: '09117da4ec8f1df5ea7fec5133a30f7d') in 0.004948 seconds 
========================================================================
Received Import Request.
  Time since last request: 1.666061 seconds.
  path: Assets/SkillFrameWork/MathfHelp.cs
  artifactKey: Guid(cd8926b61c30a9b4293ccd21d1cf0649) Importer(815301076,1909f56bfc062723c751e8b465ee728b)
Start importing Assets/SkillFrameWork/MathfHelp.cs using Guid(cd8926b61c30a9b4293ccd21d1cf0649) Importer(815301076,1909f56bfc062723c751e8b465ee728b)  -> (artifact id: 'f771ade84a82f50842ce4c80d816f0c3') in 0.004956 seconds 
========================================================================
Received Import Request.
  Time since last request: 0.956563 seconds.
  path: Assets/SkillFrameWork/RoleAttribute.cs
  artifactKey: Guid(8b22c5ed0f3cb3f4dbeccd290273358c) Importer(815301076,1909f56bfc062723c751e8b465ee728b)
Start importing Assets/SkillFrameWork/RoleAttribute.cs using Guid(8b22c5ed0f3cb3f4dbeccd290273358c) Importer(815301076,1909f56bfc062723c751e8b465ee728b)  -> (artifact id: 'fea196e78c9342291e46aa3def82dddb') in 0.005445 seconds 
========================================================================
Received Import Request.
  Time since last request: 1.604311 seconds.
  path: Assets/SkillFrameWork/RoleManager.cs
  artifactKey: Guid(a0aae01ee663b974fa8d563898ddb15a) Importer(815301076,1909f56bfc062723c751e8b465ee728b)
Start importing Assets/SkillFrameWork/RoleManager.cs using Guid(a0aae01ee663b974fa8d563898ddb15a) Importer(815301076,1909f56bfc062723c751e8b465ee728b)  -> (artifact id: '0ec7f9a8abfa660b6a0e9d7b61c52901') in 0.004809 seconds 
========================================================================
Received Import Request.
  Time since last request: 0.382859 seconds.
  path: Assets/SkillFrameWork/RoleState.cs
  artifactKey: Guid(10b166bc18b4c7e44bc281416380f374) Importer(815301076,1909f56bfc062723c751e8b465ee728b)
Start importing Assets/SkillFrameWork/RoleState.cs using Guid(10b166bc18b4c7e44bc281416380f374) Importer(815301076,1909f56bfc062723c751e8b465ee728b)  -> (artifact id: '8e0b74e75a45e114b0aad541ff31f1d8') in 0.004699 seconds 
========================================================================
Received Import Request.
  Time since last request: 0.391798 seconds.
  path: Assets/SkillFrameWork/Singleton.cs
  artifactKey: Guid(b1093e4ce93aa2243bc39cd5eec0d324) Importer(815301076,1909f56bfc062723c751e8b465ee728b)
Start importing Assets/SkillFrameWork/Singleton.cs using Guid(b1093e4ce93aa2243bc39cd5eec0d324) Importer(815301076,1909f56bfc062723c751e8b465ee728b)  -> (artifact id: 'ed6eec5e88f5c473a116daab8c610f94') in 0.005360 seconds 
========================================================================
Received Import Request.
  Time since last request: 0.786756 seconds.
  path: Assets/SkillFrameWork/SkillCfg.cs
  artifactKey: Guid(e492de22be621ce45afffffdb26fcb6e) Importer(815301076,1909f56bfc062723c751e8b465ee728b)
Start importing Assets/SkillFrameWork/SkillCfg.cs using Guid(e492de22be621ce45afffffdb26fcb6e) Importer(815301076,1909f56bfc062723c751e8b465ee728b)  -> (artifact id: '5093ff6898aebab36f6909711e860de3') in 0.004867 seconds 
========================================================================
Received Import Request.
  Time since last request: 253.790246 seconds.
  path: Assets/Editor/MessageTrack.cs
  artifactKey: Guid(36f3ee6fd851fe042b1dc5300bf17dd4) Importer(815301076,1909f56bfc062723c751e8b465ee728b)
Start importing Assets/Editor/MessageTrack.cs using Guid(36f3ee6fd851fe042b1dc5300bf17dd4) Importer(815301076,1909f56bfc062723c751e8b465ee728b)  -> (artifact id: '8346b673455d244db706d2e43fb167c8') in 0.007661 seconds 
========================================================================
Received Prepare
Registering precompiled user dll's ...
Registered in 0.005529 seconds.
Begin MonoManager ReloadAssembly
Symbol file LoadedFromMemory doesn't match image D:\Old 3D Project\Unity\Game Programming Patterns Pratice\Library\PackageCache\com.unity.visualscripting@1.7.6\Editor\VisualScripting.Core\Dependencies\YamlDotNet\Unity.VisualScripting.YamlDotNet.dll
Symbol file LoadedFromMemory doesn't match image D:\Old 3D Project\Unity\Game Programming Patterns Pratice\Library\PackageCache\com.unity.visualscripting@1.7.6\Editor\VisualScripting.Core\Dependencies\DotNetZip\Unity.VisualScripting.IonicZip.dll
Native extension for WindowsStandalone target not found
Native extension for Android target not found
Refreshing native plugins compatible for Editor in 0.68 ms, found 3 plugins.
Preloading 0 native plugins for Editor in 0.00 ms.
Mono: successfully reloaded assembly
- Completed reload, in  1.144 seconds
Domain Reload Profiling:
	ReloadAssembly (1144ms)
		BeginReloadAssembly (145ms)
			ExecutionOrderSort (0ms)
			DisableScriptedObjects (5ms)
			BackupInstance (0ms)
			ReleaseScriptingObjects (0ms)
			CreateAndSetChildDomain (40ms)
		EndReloadAssembly (892ms)
			LoadAssemblies (91ms)
			RebuildTransferFunctionScriptingTraits (0ms)
			SetupTypeCache (333ms)
			ReleaseScriptCaches (1ms)
			RebuildScriptCaches (43ms)
			SetupLoadedEditorAssemblies (391ms)
				LogAssemblyErrors (0ms)
				InitializePlatformSupportModulesInManaged (24ms)
				SetLoadedEditorAssemblies (0ms)
				RefreshPlugins (1ms)
				BeforeProcessingInitializeOnLoad (76ms)
				ProcessInitializeOnLoadAttributes (251ms)
				ProcessInitializeOnLoadMethodAttributes (30ms)
				AfterProcessingInitializeOnLoad (8ms)
				EditorAssembliesLoaded (0ms)
			ExecutionOrderSort2 (0ms)
			AwakeInstancesAfterBackupRestoration (8ms)
Platform modules already initialized, skipping
Refreshing native plugins compatible for Editor in 1.73 ms, found 3 plugins.
Preloading 0 native plugins for Editor in 0.00 ms.
Unloading 3580 Unused Serialized files (Serialized files now loaded: 0)
Unloading 23 unused Assets / (153.2 KB). Loaded Objects now: 4152.
Memory consumption went from 132.2 MB to 132.0 MB.
Total: 3.299900 ms (FindLiveObjects: 0.274900 ms CreateObjectMapping: 0.199300 ms MarkObjects: 2.729200 ms  DeleteObjects: 0.095600 ms)

AssetImportParameters requested are different than current active one (requested -> active):
  custom:video-decoder-ogg-theora: a1e56fd34408186e4bbccfd4996cb3dc -> 
  custom:container-muxer-webm: aa71ff27fc2769a1b78a27578f13a17b -> 
  custom:container-demuxer-webm: 4f35f7cbe854078d1ac9338744f61a02 -> 
  custom:video-encoder-webm-vp8: eb34c28f22e8b96e1ab97ce403110664 -> 
  custom:video-codec-MediaFoundation-h265: 746d11721c4dcdbdad8f713fa42b33f4 -> 
  custom:audio-encoder-webm-vorbis: bf7c407c2cedff20999df2af8eb42d56 -> 
  custom:framework-win-MediaFoundation: 216162199b28c13a410421893ffa2e32 -> 
  custom:container-demuxer-ogg: 62fdf1f143b41e24485cea50d1cbac27 -> 
  custom:video-decoder-webm-vp8: 9c59270c3fd7afecdb556c50c9e8de78 -> 
  custom:audio-decoder-ogg-vorbis: bf7c407c2cedff20999df2af8eb42d56 -> 
========================================================================
Received Prepare
Registering precompiled user dll's ...
Registered in 0.004316 seconds.
Begin MonoManager ReloadAssembly
Symbol file LoadedFromMemory doesn't match image D:\Old 3D Project\Unity\Game Programming Patterns Pratice\Library\PackageCache\com.unity.visualscripting@1.7.6\Editor\VisualScripting.Core\Dependencies\YamlDotNet\Unity.VisualScripting.YamlDotNet.dll
Symbol file LoadedFromMemory doesn't match image D:\Old 3D Project\Unity\Game Programming Patterns Pratice\Library\PackageCache\com.unity.visualscripting@1.7.6\Editor\VisualScripting.Core\Dependencies\DotNetZip\Unity.VisualScripting.IonicZip.dll
Native extension for WindowsStandalone target not found
Native extension for Android target not found
Refreshing native plugins compatible for Editor in 0.63 ms, found 3 plugins.
Preloading 0 native plugins for Editor in 0.00 ms.
Mono: successfully reloaded assembly
- Completed reload, in  1.159 seconds
Domain Reload Profiling:
	ReloadAssembly (1160ms)
		BeginReloadAssembly (154ms)
			ExecutionOrderSort (0ms)
			DisableScriptedObjects (5ms)
			BackupInstance (0ms)
			ReleaseScriptingObjects (0ms)
			CreateAndSetChildDomain (39ms)
		EndReloadAssembly (894ms)
			LoadAssemblies (108ms)
			RebuildTransferFunctionScriptingTraits (0ms)
			SetupTypeCache (332ms)
			ReleaseScriptCaches (1ms)
			RebuildScriptCaches (43ms)
			SetupLoadedEditorAssemblies (371ms)
				LogAssemblyErrors (0ms)
				InitializePlatformSupportModulesInManaged (25ms)
				SetLoadedEditorAssemblies (0ms)
				RefreshPlugins (1ms)
				BeforeProcessingInitializeOnLoad (69ms)
				ProcessInitializeOnLoadAttributes (238ms)
				ProcessInitializeOnLoadMethodAttributes (29ms)
				AfterProcessingInitializeOnLoad (9ms)
				EditorAssembliesLoaded (0ms)
			ExecutionOrderSort2 (0ms)
			AwakeInstancesAfterBackupRestoration (10ms)
Platform modules already initialized, skipping
Refreshing native plugins compatible for Editor in 1.78 ms, found 3 plugins.
Preloading 0 native plugins for Editor in 0.00 ms.
Unloading 3580 Unused Serialized files (Serialized files now loaded: 0)
Unloading 23 unused Assets / (153.2 KB). Loaded Objects now: 4167.
Memory consumption went from 132.2 MB to 132.0 MB.
Total: 4.036200 ms (FindLiveObjects: 0.319600 ms CreateObjectMapping: 0.195500 ms MarkObjects: 3.179700 ms  DeleteObjects: 0.340500 ms)

AssetImportParameters requested are different than current active one (requested -> active):
  custom:video-decoder-ogg-theora: a1e56fd34408186e4bbccfd4996cb3dc -> 
  custom:container-muxer-webm: aa71ff27fc2769a1b78a27578f13a17b -> 
  custom:container-demuxer-webm: 4f35f7cbe854078d1ac9338744f61a02 -> 
  custom:video-encoder-webm-vp8: eb34c28f22e8b96e1ab97ce403110664 -> 
  custom:video-codec-MediaFoundation-h265: 746d11721c4dcdbdad8f713fa42b33f4 -> 
  custom:audio-encoder-webm-vorbis: bf7c407c2cedff20999df2af8eb42d56 -> 
  custom:framework-win-MediaFoundation: 216162199b28c13a410421893ffa2e32 -> 
  custom:container-demuxer-ogg: 62fdf1f143b41e24485cea50d1cbac27 -> 
  custom:video-decoder-webm-vp8: 9c59270c3fd7afecdb556c50c9e8de78 -> 
  custom:audio-decoder-ogg-vorbis: bf7c407c2cedff20999df2af8eb42d56 -> 
========================================================================
Received Prepare
Registering precompiled user dll's ...
Registered in 0.006033 seconds.
Begin MonoManager ReloadAssembly
Symbol file LoadedFromMemory doesn't match image D:\Old 3D Project\Unity\Game Programming Patterns Pratice\Library\PackageCache\com.unity.visualscripting@1.7.6\Editor\VisualScripting.Core\Dependencies\YamlDotNet\Unity.VisualScripting.YamlDotNet.dll
Symbol file LoadedFromMemory doesn't match image D:\Old 3D Project\Unity\Game Programming Patterns Pratice\Library\PackageCache\com.unity.visualscripting@1.7.6\Editor\VisualScripting.Core\Dependencies\DotNetZip\Unity.VisualScripting.IonicZip.dll
Native extension for WindowsStandalone target not found
Native extension for Android target not found
Refreshing native plugins compatible for Editor in 0.62 ms, found 3 plugins.
Preloading 0 native plugins for Editor in 0.00 ms.
Mono: successfully reloaded assembly
- Completed reload, in  1.063 seconds
Domain Reload Profiling:
	ReloadAssembly (1064ms)
		BeginReloadAssembly (155ms)
			ExecutionOrderSort (0ms)
			DisableScriptedObjects (5ms)
			BackupInstance (0ms)
			ReleaseScriptingObjects (0ms)
			CreateAndSetChildDomain (46ms)
		EndReloadAssembly (803ms)
			LoadAssemblies (92ms)
			RebuildTransferFunctionScriptingTraits (0ms)
			SetupTypeCache (286ms)
			ReleaseScriptCaches (1ms)
			RebuildScriptCaches (49ms)
			SetupLoadedEditorAssemblies (332ms)
				LogAssemblyErrors (0ms)
				InitializePlatformSupportModulesInManaged (24ms)
				SetLoadedEditorAssemblies (0ms)
				RefreshPlugins (1ms)
				BeforeProcessingInitializeOnLoad (68ms)
				ProcessInitializeOnLoadAttributes (202ms)
				ProcessInitializeOnLoadMethodAttributes (29ms)
				AfterProcessingInitializeOnLoad (8ms)
				EditorAssembliesLoaded (0ms)
			ExecutionOrderSort2 (0ms)
			AwakeInstancesAfterBackupRestoration (9ms)
Platform modules already initialized, skipping
Refreshing native plugins compatible for Editor in 2.17 ms, found 3 plugins.
Preloading 0 native plugins for Editor in 0.00 ms.
Unloading 3300 Unused Serialized files (Serialized files now loaded: 0)
Unloading 107 unused Assets / (57.3 KB). Loaded Objects now: 4083.
Memory consumption went from 125.8 MB to 125.8 MB.
Total: 3.263200 ms (FindLiveObjects: 0.309900 ms CreateObjectMapping: 0.196100 ms MarkObjects: 2.647500 ms  DeleteObjects: 0.108700 ms)

AssetImportParameters requested are different than current active one (requested -> active):
  custom:video-decoder-ogg-theora: a1e56fd34408186e4bbccfd4996cb3dc -> 
  custom:container-muxer-webm: aa71ff27fc2769a1b78a27578f13a17b -> 
  custom:container-demuxer-webm: 4f35f7cbe854078d1ac9338744f61a02 -> 
  custom:video-encoder-webm-vp8: eb34c28f22e8b96e1ab97ce403110664 -> 
  custom:video-codec-MediaFoundation-h265: 746d11721c4dcdbdad8f713fa42b33f4 -> 
  custom:audio-encoder-webm-vorbis: bf7c407c2cedff20999df2af8eb42d56 -> 
  custom:framework-win-MediaFoundation: 216162199b28c13a410421893ffa2e32 -> 
  custom:container-demuxer-ogg: 62fdf1f143b41e24485cea50d1cbac27 -> 
  custom:video-decoder-webm-vp8: 9c59270c3fd7afecdb556c50c9e8de78 -> 
  custom:audio-decoder-ogg-vorbis: bf7c407c2cedff20999df2af8eb42d56 -> 
========================================================================
Received Import Request.
  Time since last request: 119.472256 seconds.
  path: Assets/Editor/SkillFrameWork/Editor/AudioTrack.cs
  artifactKey: Guid(2b1b144aa4199ef438380c5b08504419) Importer(815301076,1909f56bfc062723c751e8b465ee728b)
Start importing Assets/Editor/SkillFrameWork/Editor/AudioTrack.cs using Guid(2b1b144aa4199ef438380c5b08504419) Importer(815301076,1909f56bfc062723c751e8b465ee728b)  -> (artifact id: '8ba7efba27799575b021d758f7c806db') in 0.008814 seconds 
========================================================================
Received Prepare
Registering precompiled user dll's ...
Registered in 0.004162 seconds.
Begin MonoManager ReloadAssembly
Symbol file LoadedFromMemory doesn't match image D:\Old 3D Project\Unity\Game Programming Patterns Pratice\Library\PackageCache\com.unity.visualscripting@1.7.6\Editor\VisualScripting.Core\Dependencies\YamlDotNet\Unity.VisualScripting.YamlDotNet.dll
Symbol file LoadedFromMemory doesn't match image D:\Old 3D Project\Unity\Game Programming Patterns Pratice\Library\PackageCache\com.unity.visualscripting@1.7.6\Editor\VisualScripting.Core\Dependencies\DotNetZip\Unity.VisualScripting.IonicZip.dll
Native extension for WindowsStandalone target not found
Native extension for Android target not found
Refreshing native plugins compatible for Editor in 0.60 ms, found 3 plugins.
Preloading 0 native plugins for Editor in 0.00 ms.
Mono: successfully reloaded assembly
- Completed reload, in  1.043 seconds
Domain Reload Profiling:
	ReloadAssembly (1044ms)
		BeginReloadAssembly (139ms)
			ExecutionOrderSort (0ms)
			DisableScriptedObjects (8ms)
			BackupInstance (0ms)
			ReleaseScriptingObjects (0ms)
			CreateAndSetChildDomain (34ms)
		EndReloadAssembly (791ms)
			LoadAssemblies (92ms)
			RebuildTransferFunctionScriptingTraits (0ms)
			SetupTypeCache (281ms)
			ReleaseScriptCaches (1ms)
			RebuildScriptCaches (39ms)
			SetupLoadedEditorAssemblies (340ms)
				LogAssemblyErrors (0ms)
				InitializePlatformSupportModulesInManaged (21ms)
				SetLoadedEditorAssemblies (0ms)
				RefreshPlugins (1ms)
				BeforeProcessingInitializeOnLoad (71ms)
				ProcessInitializeOnLoadAttributes (211ms)
				ProcessInitializeOnLoadMethodAttributes (27ms)
				AfterProcessingInitializeOnLoad (9ms)
				EditorAssembliesLoaded (0ms)
			ExecutionOrderSort2 (0ms)
			AwakeInstancesAfterBackupRestoration (9ms)
Platform modules already initialized, skipping
Refreshing native plugins compatible for Editor in 1.58 ms, found 3 plugins.
Preloading 0 native plugins for Editor in 0.00 ms.
Unloading 3300 Unused Serialized files (Serialized files now loaded: 0)
Unloading 20 unused Assets / (57.2 KB). Loaded Objects now: 4086.
Memory consumption went from 124.6 MB to 124.6 MB.
Total: 2.781000 ms (FindLiveObjects: 0.278400 ms CreateObjectMapping: 0.176500 ms MarkObjects: 2.260100 ms  DeleteObjects: 0.065000 ms)

AssetImportParameters requested are different than current active one (requested -> active):
  custom:video-decoder-ogg-theora: a1e56fd34408186e4bbccfd4996cb3dc -> 
  custom:container-muxer-webm: aa71ff27fc2769a1b78a27578f13a17b -> 
  custom:container-demuxer-webm: 4f35f7cbe854078d1ac9338744f61a02 -> 
  custom:video-encoder-webm-vp8: eb34c28f22e8b96e1ab97ce403110664 -> 
  custom:video-codec-MediaFoundation-h265: 746d11721c4dcdbdad8f713fa42b33f4 -> 
  custom:audio-encoder-webm-vorbis: bf7c407c2cedff20999df2af8eb42d56 -> 
  custom:framework-win-MediaFoundation: 216162199b28c13a410421893ffa2e32 -> 
  custom:container-demuxer-ogg: 62fdf1f143b41e24485cea50d1cbac27 -> 
  custom:video-decoder-webm-vp8: 9c59270c3fd7afecdb556c50c9e8de78 -> 
  custom:audio-decoder-ogg-vorbis: bf7c407c2cedff20999df2af8eb42d56 -> 
========================================================================
Received Prepare
Registering precompiled user dll's ...
Registered in 0.004014 seconds.
Begin MonoManager ReloadAssembly
Symbol file LoadedFromMemory doesn't match image D:\Old 3D Project\Unity\Game Programming Patterns Pratice\Library\PackageCache\com.unity.visualscripting@1.7.6\Editor\VisualScripting.Core\Dependencies\YamlDotNet\Unity.VisualScripting.YamlDotNet.dll
Symbol file LoadedFromMemory doesn't match image D:\Old 3D Project\Unity\Game Programming Patterns Pratice\Library\PackageCache\com.unity.visualscripting@1.7.6\Editor\VisualScripting.Core\Dependencies\DotNetZip\Unity.VisualScripting.IonicZip.dll
Native extension for WindowsStandalone target not found
Native extension for Android target not found
Refreshing native plugins compatible for Editor in 0.61 ms, found 3 plugins.
Preloading 0 native plugins for Editor in 0.00 ms.
Mono: successfully reloaded assembly
- Completed reload, in  1.209 seconds
Domain Reload Profiling:
	ReloadAssembly (1209ms)
		BeginReloadAssembly (140ms)
			ExecutionOrderSort (0ms)
			DisableScriptedObjects (7ms)
			BackupInstance (0ms)
			ReleaseScriptingObjects (0ms)
			CreateAndSetChildDomain (40ms)
		EndReloadAssembly (948ms)
			LoadAssemblies (90ms)
			RebuildTransferFunctionScriptingTraits (0ms)
			SetupTypeCache (340ms)
			ReleaseScriptCaches (1ms)
			RebuildScriptCaches (88ms)
			SetupLoadedEditorAssemblies (352ms)
				LogAssemblyErrors (0ms)
				InitializePlatformSupportModulesInManaged (26ms)
				SetLoadedEditorAssemblies (1ms)
				RefreshPlugins (1ms)
				BeforeProcessingInitializeOnLoad (72ms)
				ProcessInitializeOnLoadAttributes (216ms)
				ProcessInitializeOnLoadMethodAttributes (28ms)
				AfterProcessingInitializeOnLoad (8ms)
				EditorAssembliesLoaded (0ms)
			ExecutionOrderSort2 (0ms)
			AwakeInstancesAfterBackupRestoration (8ms)
Platform modules already initialized, skipping
Refreshing native plugins compatible for Editor in 2.05 ms, found 3 plugins.
Preloading 0 native plugins for Editor in 0.00 ms.
Unloading 3300 Unused Serialized files (Serialized files now loaded: 0)
Unloading 20 unused Assets / (57.1 KB). Loaded Objects now: 4089.
Memory consumption went from 124.6 MB to 124.6 MB.
Total: 2.856500 ms (FindLiveObjects: 0.269700 ms CreateObjectMapping: 0.188900 ms MarkObjects: 2.331500 ms  DeleteObjects: 0.065400 ms)

AssetImportParameters requested are different than current active one (requested -> active):
  custom:video-decoder-ogg-theora: a1e56fd34408186e4bbccfd4996cb3dc -> 
  custom:container-muxer-webm: aa71ff27fc2769a1b78a27578f13a17b -> 
  custom:container-demuxer-webm: 4f35f7cbe854078d1ac9338744f61a02 -> 
  custom:video-encoder-webm-vp8: eb34c28f22e8b96e1ab97ce403110664 -> 
  custom:video-codec-MediaFoundation-h265: 746d11721c4dcdbdad8f713fa42b33f4 -> 
  custom:audio-encoder-webm-vorbis: bf7c407c2cedff20999df2af8eb42d56 -> 
  custom:framework-win-MediaFoundation: 216162199b28c13a410421893ffa2e32 -> 
  custom:container-demuxer-ogg: 62fdf1f143b41e24485cea50d1cbac27 -> 
  custom:video-decoder-webm-vp8: 9c59270c3fd7afecdb556c50c9e8de78 -> 
  custom:audio-decoder-ogg-vorbis: bf7c407c2cedff20999df2af8eb42d56 -> 
========================================================================
Received Import Request.
  Time since last request: 128.024459 seconds.
  path: Assets/SkillFrameWork/Monster/Monster.cs
  artifactKey: Guid(b1fc7ab280537c34db53024ea1ce8510) Importer(815301076,1909f56bfc062723c751e8b465ee728b)
Start importing Assets/SkillFrameWork/Monster/Monster.cs using Guid(b1fc7ab280537c34db53024ea1ce8510) Importer(815301076,1909f56bfc062723c751e8b465ee728b)  -> (artifact id: '48c47b283b8ec25534b780cf9d97e381') in 0.005425 seconds 
========================================================================
Received Import Request.
  Time since last request: 2.680700 seconds.
  path: Assets/SkillFrameWork/InputSystem/Command.cs
  artifactKey: Guid(5b580e8eca0c9b840912c35e54d27eb1) Importer(815301076,1909f56bfc062723c751e8b465ee728b)
Start importing Assets/SkillFrameWork/InputSystem/Command.cs using Guid(5b580e8eca0c9b840912c35e54d27eb1) Importer(815301076,1909f56bfc062723c751e8b465ee728b)  -> (artifact id: '908aa3c6ab55edffcc983d56f44dddf1') in 0.105659 seconds 
========================================================================
Received Prepare
Registering precompiled user dll's ...
Registered in 0.005851 seconds.
Begin MonoManager ReloadAssembly
Symbol file LoadedFromMemory doesn't match image D:\Old 3D Project\Unity\Game Programming Patterns Pratice\Library\PackageCache\com.unity.visualscripting@1.7.6\Editor\VisualScripting.Core\Dependencies\YamlDotNet\Unity.VisualScripting.YamlDotNet.dll
Symbol file LoadedFromMemory doesn't match image D:\Old 3D Project\Unity\Game Programming Patterns Pratice\Library\PackageCache\com.unity.visualscripting@1.7.6\Editor\VisualScripting.Core\Dependencies\DotNetZip\Unity.VisualScripting.IonicZip.dll
Native extension for WindowsStandalone target not found
Native extension for Android target not found
Refreshing native plugins compatible for Editor in 0.97 ms, found 3 plugins.
Preloading 0 native plugins for Editor in 0.00 ms.
Mono: successfully reloaded assembly
- Completed reload, in  1.035 seconds
Domain Reload Profiling:
	ReloadAssembly (1037ms)
		BeginReloadAssembly (135ms)
			ExecutionOrderSort (0ms)
			DisableScriptedObjects (7ms)
			BackupInstance (0ms)
			ReleaseScriptingObjects (0ms)
			CreateAndSetChildDomain (34ms)
		EndReloadAssembly (797ms)
			LoadAssemblies (87ms)
			RebuildTransferFunctionScriptingTraits (0ms)
			SetupTypeCache (287ms)
			ReleaseScriptCaches (2ms)
			RebuildScriptCaches (40ms)
			SetupLoadedEditorAssemblies (341ms)
				LogAssemblyErrors (0ms)
				InitializePlatformSupportModulesInManaged (23ms)
				SetLoadedEditorAssemblies (1ms)
				RefreshPlugins (1ms)
				BeforeProcessingInitializeOnLoad (69ms)
				ProcessInitializeOnLoadAttributes (204ms)
				ProcessInitializeOnLoadMethodAttributes (35ms)
				AfterProcessingInitializeOnLoad (8ms)
				EditorAssembliesLoaded (0ms)
			ExecutionOrderSort2 (0ms)
			AwakeInstancesAfterBackupRestoration (10ms)
Platform modules already initialized, skipping
Refreshing native plugins compatible for Editor in 2.48 ms, found 3 plugins.
Preloading 0 native plugins for Editor in 0.00 ms.
Unloading 3285 Unused Serialized files (Serialized files now loaded: 0)
Unloading 20 unused Assets / (57.3 KB). Loaded Objects now: 4092.
Memory consumption went from 124.4 MB to 124.3 MB.
Total: 3.172700 ms (FindLiveObjects: 0.271400 ms CreateObjectMapping: 0.168400 ms MarkObjects: 2.669100 ms  DeleteObjects: 0.063000 ms)

AssetImportParameters requested are different than current active one (requested -> active):
  custom:video-decoder-ogg-theora: a1e56fd34408186e4bbccfd4996cb3dc -> 
  custom:container-muxer-webm: aa71ff27fc2769a1b78a27578f13a17b -> 
  custom:container-demuxer-webm: 4f35f7cbe854078d1ac9338744f61a02 -> 
  custom:video-encoder-webm-vp8: eb34c28f22e8b96e1ab97ce403110664 -> 
  custom:video-codec-MediaFoundation-h265: 746d11721c4dcdbdad8f713fa42b33f4 -> 
  custom:audio-encoder-webm-vorbis: bf7c407c2cedff20999df2af8eb42d56 -> 
  custom:framework-win-MediaFoundation: 216162199b28c13a410421893ffa2e32 -> 
  custom:container-demuxer-ogg: 62fdf1f143b41e24485cea50d1cbac27 -> 
  custom:video-decoder-webm-vp8: 9c59270c3fd7afecdb556c50c9e8de78 -> 
  custom:audio-decoder-ogg-vorbis: bf7c407c2cedff20999df2af8eb42d56 -> 
========================================================================
Received Prepare
Registering precompiled user dll's ...
Registered in 0.004679 seconds.
Begin MonoManager ReloadAssembly
Symbol file LoadedFromMemory doesn't match image D:\Old 3D Project\Unity\Game Programming Patterns Pratice\Library\PackageCache\com.unity.visualscripting@1.7.6\Editor\VisualScripting.Core\Dependencies\YamlDotNet\Unity.VisualScripting.YamlDotNet.dll
Symbol file LoadedFromMemory doesn't match image D:\Old 3D Project\Unity\Game Programming Patterns Pratice\Library\PackageCache\com.unity.visualscripting@1.7.6\Editor\VisualScripting.Core\Dependencies\DotNetZip\Unity.VisualScripting.IonicZip.dll
Native extension for WindowsStandalone target not found
Native extension for Android target not found
Refreshing native plugins compatible for Editor in 0.63 ms, found 3 plugins.
Preloading 0 native plugins for Editor in 0.00 ms.
Mono: successfully reloaded assembly
- Completed reload, in  1.158 seconds
Domain Reload Profiling:
	ReloadAssembly (1159ms)
		BeginReloadAssembly (155ms)
			ExecutionOrderSort (0ms)
			DisableScriptedObjects (6ms)
			BackupInstance (0ms)
			ReleaseScriptingObjects (0ms)
			CreateAndSetChildDomain (36ms)
		EndReloadAssembly (882ms)
			LoadAssemblies (90ms)
			RebuildTransferFunctionScriptingTraits (0ms)
			SetupTypeCache (278ms)
			ReleaseScriptCaches (1ms)
			RebuildScriptCaches (71ms)
			SetupLoadedEditorAssemblies (366ms)
				LogAssemblyErrors (0ms)
				InitializePlatformSupportModulesInManaged (23ms)
				SetLoadedEditorAssemblies (1ms)
				RefreshPlugins (1ms)
				BeforeProcessingInitializeOnLoad (68ms)
				ProcessInitializeOnLoadAttributes (235ms)
				ProcessInitializeOnLoadMethodAttributes (31ms)
				AfterProcessingInitializeOnLoad (8ms)
				EditorAssembliesLoaded (0ms)
			ExecutionOrderSort2 (0ms)
			AwakeInstancesAfterBackupRestoration (8ms)
Platform modules already initialized, skipping
Refreshing native plugins compatible for Editor in 1.52 ms, found 3 plugins.
Preloading 0 native plugins for Editor in 0.00 ms.
Unloading 3258 Unused Serialized files (Serialized files now loaded: 0)
Unloading 20 unused Assets / (57.3 KB). Loaded Objects now: 4095.
Memory consumption went from 123.7 MB to 123.7 MB.
Total: 3.851500 ms (FindLiveObjects: 0.304400 ms CreateObjectMapping: 0.174400 ms MarkObjects: 3.288500 ms  DeleteObjects: 0.083000 ms)

AssetImportParameters requested are different than current active one (requested -> active):
  custom:video-decoder-ogg-theora: a1e56fd34408186e4bbccfd4996cb3dc -> 
  custom:container-muxer-webm: aa71ff27fc2769a1b78a27578f13a17b -> 
  custom:container-demuxer-webm: 4f35f7cbe854078d1ac9338744f61a02 -> 
  custom:video-encoder-webm-vp8: eb34c28f22e8b96e1ab97ce403110664 -> 
  custom:video-codec-MediaFoundation-h265: 746d11721c4dcdbdad8f713fa42b33f4 -> 
  custom:audio-encoder-webm-vorbis: bf7c407c2cedff20999df2af8eb42d56 -> 
  custom:framework-win-MediaFoundation: 216162199b28c13a410421893ffa2e32 -> 
  custom:container-demuxer-ogg: 62fdf1f143b41e24485cea50d1cbac27 -> 
  custom:video-decoder-webm-vp8: 9c59270c3fd7afecdb556c50c9e8de78 -> 
  custom:audio-decoder-ogg-vorbis: bf7c407c2cedff20999df2af8eb42d56 -> 
========================================================================
Received Import Request.
  Time since last request: 298.797843 seconds.
  path: Assets/Editor/TimeLineEditor
  artifactKey: Guid(2d8eb869cf90d304cb7df518b2fd479c) Importer(815301076,1909f56bfc062723c751e8b465ee728b)
Start importing Assets/Editor/TimeLineEditor using Guid(2d8eb869cf90d304cb7df518b2fd479c) Importer(815301076,1909f56bfc062723c751e8b465ee728b)  -> (artifact id: '53ffe5e78d73f28e4c1c701bcfd1f1a7') in 0.015731 seconds 
========================================================================
Received Import Request.
  Time since last request: 8.721029 seconds.
  path: Assets/TimeLineRunTime
  artifactKey: Guid(b3dd852e50217c5438660369ab446023) Importer(815301076,1909f56bfc062723c751e8b465ee728b)
Start importing Assets/TimeLineRunTime using Guid(b3dd852e50217c5438660369ab446023) Importer(815301076,1909f56bfc062723c751e8b465ee728b)  -> (artifact id: 'c9778e23e7c8977352ace66d98b898d7') in 0.006952 seconds 
========================================================================
Received Import Request.
  Time since last request: 13.698951 seconds.
  path: Assets/Scripts/SkillSystem
  artifactKey: Guid(a3bcee218959a534dbe8a05d1b4dd0eb) Importer(815301076,1909f56bfc062723c751e8b465ee728b)
Start importing Assets/Scripts/SkillSystem using Guid(a3bcee218959a534dbe8a05d1b4dd0eb) Importer(815301076,1909f56bfc062723c751e8b465ee728b)  -> (artifact id: 'cabc6a482074461ee4f6c80bc6247948') in 0.006736 seconds 
========================================================================
Received Prepare
Registering precompiled user dll's ...
Registered in 0.008180 seconds.
Begin MonoManager ReloadAssembly
Symbol file LoadedFromMemory doesn't match image D:\Old 3D Project\Unity\Game Programming Patterns Pratice\Library\PackageCache\com.unity.visualscripting@1.7.6\Editor\VisualScripting.Core\Dependencies\YamlDotNet\Unity.VisualScripting.YamlDotNet.dll
Symbol file LoadedFromMemory doesn't match image D:\Old 3D Project\Unity\Game Programming Patterns Pratice\Library\PackageCache\com.unity.visualscripting@1.7.6\Editor\VisualScripting.Core\Dependencies\DotNetZip\Unity.VisualScripting.IonicZip.dll
Native extension for WindowsStandalone target not found
Native extension for Android target not found
Refreshing native plugins compatible for Editor in 0.86 ms, found 3 plugins.
Preloading 0 native plugins for Editor in 0.00 ms.
There were some problems trying to locate where Odin was installed, please read the messages below.
- Odin was not found in its default location: 'Assets/Plugins/Sirenix/'.
- No SirenixPathLookupScriptableObject with the Guid: '08379ccefc05200459f90a1c0711a340' was found.
- We were unable to find Odin elsewhere. Please re-import Odin and make sure the OdinPathLookup.asset and OdinPathLookup.asset.meta files are included.
UnityEngine.StackTraceUtility:ExtractStackTrace ()
UnityEngine.DebugLogHandler:LogFormat (UnityEngine.LogType,UnityEngine.Object,string,object[])
UnityEngine.Logger:Log (UnityEngine.LogType,object)
UnityEngine.Debug:LogError (object)
Sirenix.Utilities.SirenixAssetPaths:.cctor ()
Sirenix.Utilities.SirenixGlobalConfigAttribute:.ctor ()
System.MonoCustomAttrs:GetCustomAttributesBase (System.Reflection.ICustomAttributeProvider,System.Type,bool)
System.MonoCustomAttrs:GetCustomAttributes (System.Reflection.ICustomAttributeProvider,System.Type,bool)
System.RuntimeType:GetCustomAttributes (System.Type,bool)
Sirenix.Utilities.TypeExtensions:GetCustomAttribute<Sirenix.Utilities.GlobalConfigAttribute> (System.Type,bool)
Sirenix.Utilities.TypeExtensions:GetCustomAttribute<Sirenix.Utilities.GlobalConfigAttribute> (System.Type)
Sirenix.Utilities.GlobalConfig`1<Sirenix.Serialization.GlobalSerializationConfig>:get_ConfigAttribute ()
Sirenix.Utilities.GlobalConfig`1<Sirenix.Serialization.GlobalSerializationConfig>:LoadInstanceIfAssetExists ()
Sirenix.Serialization.UnitySerializationInitializer:Initialize ()
Sirenix.Serialization.UnitySerializationInitializer:InitializeEditor ()
System.Reflection.RuntimeMethodInfo:Invoke (object,System.Reflection.BindingFlags,System.Reflection.Binder,object[],System.Globalization.CultureInfo)
System.Reflection.MethodBase:Invoke (object,object[])
UnityEditor.EditorAssemblies:ProcessInitializeOnLoadMethodAttributes ()

[ScriptCompilation] NOT recompiling all scripts because this is an import worker process. Reason to compile was: Define symbols changed
Mono: successfully reloaded assembly
- Completed reload, in  3.155 seconds
Domain Reload Profiling:
	ReloadAssembly (3155ms)
		BeginReloadAssembly (183ms)
			ExecutionOrderSort (0ms)
			DisableScriptedObjects (9ms)
			BackupInstance (0ms)
			ReleaseScriptingObjects (0ms)
			CreateAndSetChildDomain (46ms)
		EndReloadAssembly (2801ms)
			LoadAssemblies (136ms)
			RebuildTransferFunctionScriptingTraits (0ms)
			SetupTypeCache (413ms)
			ReleaseScriptCaches (2ms)
			RebuildScriptCaches (64ms)
			SetupLoadedEditorAssemblies (2126ms)
				LogAssemblyErrors (0ms)
				InitializePlatformSupportModulesInManaged (32ms)
				SetLoadedEditorAssemblies (1ms)
				RefreshPlugins (1ms)
				BeforeProcessingInitializeOnLoad (91ms)
				ProcessInitializeOnLoadAttributes (1558ms)
				ProcessInitializeOnLoadMethodAttributes (433ms)
				AfterProcessingInitializeOnLoad (10ms)
				EditorAssembliesLoaded (0ms)
			ExecutionOrderSort2 (0ms)
			AwakeInstancesAfterBackupRestoration (13ms)
Platform modules already initialized, skipping
Refreshing native plugins compatible for Editor in 2.70 ms, found 3 plugins.
Preloading 0 native plugins for Editor in 0.00 ms.
Unloading 3279 Unused Serialized files (Serialized files now loaded: 0)
Unloading 30 unused Assets / (59.3 KB). Loaded Objects now: 4173.
Memory consumption went from 126.8 MB to 126.7 MB.
Total: 29.014700 ms (FindLiveObjects: 0.364200 ms CreateObjectMapping: 0.217900 ms MarkObjects: 28.306800 ms  DeleteObjects: 0.124300 ms)

AssetImportParameters requested are different than current active one (requested -> active):
  custom:video-decoder-ogg-theora: a1e56fd34408186e4bbccfd4996cb3dc -> 
  custom:container-muxer-webm: aa71ff27fc2769a1b78a27578f13a17b -> 
  custom:container-demuxer-webm: 4f35f7cbe854078d1ac9338744f61a02 -> 
  custom:video-encoder-webm-vp8: eb34c28f22e8b96e1ab97ce403110664 -> 
  custom:video-codec-MediaFoundation-h265: 746d11721c4dcdbdad8f713fa42b33f4 -> 
  custom:audio-encoder-webm-vorbis: bf7c407c2cedff20999df2af8eb42d56 -> 
  custom:framework-win-MediaFoundation: 216162199b28c13a410421893ffa2e32 -> 
  custom:container-demuxer-ogg: 62fdf1f143b41e24485cea50d1cbac27 -> 
  custom:video-decoder-webm-vp8: 9c59270c3fd7afecdb556c50c9e8de78 -> 
  custom:audio-decoder-ogg-vorbis: bf7c407c2cedff20999df2af8eb42d56 -> 
========================================================================
Received Import Request.
  Time since last request: 43.742820 seconds.
  path: Assets/Plugins/PlayMaker
  artifactKey: Guid(c8d1cf7123a68d44f9a3dc9bd83ceafd) Importer(815301076,1909f56bfc062723c751e8b465ee728b)
Start importing Assets/Plugins/PlayMaker using Guid(c8d1cf7123a68d44f9a3dc9bd83ceafd) Importer(815301076,1909f56bfc062723c751e8b465ee728b)  -> (artifact id: '87d1440fe47d288da0ce5ad1f967d9f7') in 0.024195 seconds 
========================================================================
Received Import Request.
  Time since last request: 2.226187 seconds.
  path: Assets/Plugins/Sirenix
  artifactKey: Guid(23c5fc6bc1ea6984a940fa9c16966d48) Importer(815301076,1909f56bfc062723c751e8b465ee728b)
Start importing Assets/Plugins/Sirenix using Guid(23c5fc6bc1ea6984a940fa9c16966d48) Importer(815301076,1909f56bfc062723c751e8b465ee728b)  -> (artifact id: 'a86240b0643d865217a2f7d731b30a57') in 0.006538 seconds 
========================================================================
Received Prepare
Registering precompiled user dll's ...
Registered in 0.004139 seconds.
Begin MonoManager ReloadAssembly
Symbol file LoadedFromMemory doesn't match image D:\Old 3D Project\Unity\Game Programming Patterns Pratice\Library\PackageCache\com.unity.visualscripting@1.7.6\Editor\VisualScripting.Core\Dependencies\YamlDotNet\Unity.VisualScripting.YamlDotNet.dll
Symbol file LoadedFromMemory doesn't match image D:\Old 3D Project\Unity\Game Programming Patterns Pratice\Library\PackageCache\com.unity.visualscripting@1.7.6\Editor\VisualScripting.Core\Dependencies\DotNetZip\Unity.VisualScripting.IonicZip.dll
Native extension for WindowsStandalone target not found
Native extension for Android target not found
Refreshing native plugins compatible for Editor in 0.60 ms, found 3 plugins.
Preloading 0 native plugins for Editor in 0.00 ms.
Mono: successfully reloaded assembly
- Completed reload, in  1.412 seconds
Domain Reload Profiling:
	ReloadAssembly (1413ms)
		BeginReloadAssembly (194ms)
			ExecutionOrderSort (0ms)
			DisableScriptedObjects (8ms)
			BackupInstance (0ms)
			ReleaseScriptingObjects (0ms)
			CreateAndSetChildDomain (63ms)
		EndReloadAssembly (1055ms)
			LoadAssemblies (119ms)
			RebuildTransferFunctionScriptingTraits (0ms)
			SetupTypeCache (345ms)
			ReleaseScriptCaches (2ms)
			RebuildScriptCaches (89ms)
			SetupLoadedEditorAssemblies (410ms)
				LogAssemblyErrors (0ms)
				InitializePlatformSupportModulesInManaged (32ms)
				SetLoadedEditorAssemblies (1ms)
				RefreshPlugins (1ms)
				BeforeProcessingInitializeOnLoad (93ms)
				ProcessInitializeOnLoadAttributes (243ms)
				ProcessInitializeOnLoadMethodAttributes (31ms)
				AfterProcessingInitializeOnLoad (10ms)
				EditorAssembliesLoaded (0ms)
			ExecutionOrderSort2 (0ms)
			AwakeInstancesAfterBackupRestoration (10ms)
Platform modules already initialized, skipping
Refreshing native plugins compatible for Editor in 1.63 ms, found 3 plugins.
Preloading 0 native plugins for Editor in 0.00 ms.
Unloading 3256 Unused Serialized files (Serialized files now loaded: 0)
Unloading 142 unused Assets / (55.2 KB). Loaded Objects now: 4052.
Memory consumption went from 124.0 MB to 123.9 MB.
Total: 3.722700 ms (FindLiveObjects: 0.337900 ms CreateObjectMapping: 0.367900 ms MarkObjects: 2.882500 ms  DeleteObjects: 0.132800 ms)

AssetImportParameters requested are different than current active one (requested -> active):
  custom:video-decoder-ogg-theora: a1e56fd34408186e4bbccfd4996cb3dc -> 
  custom:container-muxer-webm: aa71ff27fc2769a1b78a27578f13a17b -> 
  custom:container-demuxer-webm: 4f35f7cbe854078d1ac9338744f61a02 -> 
  custom:video-encoder-webm-vp8: eb34c28f22e8b96e1ab97ce403110664 -> 
  custom:video-codec-MediaFoundation-h265: 746d11721c4dcdbdad8f713fa42b33f4 -> 
  custom:audio-encoder-webm-vorbis: bf7c407c2cedff20999df2af8eb42d56 -> 
  custom:framework-win-MediaFoundation: 216162199b28c13a410421893ffa2e32 -> 
  custom:container-demuxer-ogg: 62fdf1f143b41e24485cea50d1cbac27 -> 
  custom:video-decoder-webm-vp8: 9c59270c3fd7afecdb556c50c9e8de78 -> 
  custom:audio-decoder-ogg-vorbis: bf7c407c2cedff20999df2af8eb42d56 -> 
========================================================================
Received Import Request.
  Time since last request: 244.585244 seconds.
  path: Assets/Scenes/EditorWindow.unity
  artifactKey: Guid(ba834826b44955d4eb468f4318741277) Importer(815301076,1909f56bfc062723c751e8b465ee728b)
Start importing Assets/Scenes/EditorWindow.unity using Guid(ba834826b44955d4eb468f4318741277) Importer(815301076,1909f56bfc062723c751e8b465ee728b)  -> (artifact id: '409050d11cb11c8310b734ac5eb6a525') in 0.013275 seconds 
========================================================================
Received Prepare
Registering precompiled user dll's ...
Registered in 0.003730 seconds.
Begin MonoManager ReloadAssembly
Symbol file LoadedFromMemory doesn't match image D:\Old 3D Project\Unity\Game Programming Patterns Pratice\Library\PackageCache\com.unity.visualscripting@1.7.6\Editor\VisualScripting.Core\Dependencies\YamlDotNet\Unity.VisualScripting.YamlDotNet.dll
Symbol file LoadedFromMemory doesn't match image D:\Old 3D Project\Unity\Game Programming Patterns Pratice\Library\PackageCache\com.unity.visualscripting@1.7.6\Editor\VisualScripting.Core\Dependencies\DotNetZip\Unity.VisualScripting.IonicZip.dll
Native extension for WindowsStandalone target not found
Native extension for Android target not found
Refreshing native plugins compatible for Editor in 1.03 ms, found 3 plugins.
Preloading 0 native plugins for Editor in 0.00 ms.
Mono: successfully reloaded assembly
- Completed reload, in  1.255 seconds
Domain Reload Profiling:
	ReloadAssembly (1256ms)
		BeginReloadAssembly (175ms)
			ExecutionOrderSort (0ms)
			DisableScriptedObjects (8ms)
			BackupInstance (0ms)
			ReleaseScriptingObjects (0ms)
			CreateAndSetChildDomain (52ms)
		EndReloadAssembly (947ms)
			LoadAssemblies (106ms)
			RebuildTransferFunctionScriptingTraits (0ms)
			SetupTypeCache (322ms)
			ReleaseScriptCaches (2ms)
			RebuildScriptCaches (53ms)
			SetupLoadedEditorAssemblies (429ms)
				LogAssemblyErrors (0ms)
				InitializePlatformSupportModulesInManaged (27ms)
				SetLoadedEditorAssemblies (1ms)
				RefreshPlugins (1ms)
				BeforeProcessingInitializeOnLoad (90ms)
				ProcessInitializeOnLoadAttributes (266ms)
				ProcessInitializeOnLoadMethodAttributes (34ms)
				AfterProcessingInitializeOnLoad (9ms)
				EditorAssembliesLoaded (0ms)
			ExecutionOrderSort2 (0ms)
			AwakeInstancesAfterBackupRestoration (10ms)
Platform modules already initialized, skipping
Refreshing native plugins compatible for Editor in 2.17 ms, found 3 plugins.
Preloading 0 native plugins for Editor in 0.00 ms.
Unloading 3256 Unused Serialized files (Serialized files now loaded: 0)
Unloading 18 unused Assets / (55.1 KB). Loaded Objects now: 4055.
Memory consumption went from 123.9 MB to 123.8 MB.
Total: 3.655700 ms (FindLiveObjects: 0.301400 ms CreateObjectMapping: 0.248900 ms MarkObjects: 3.003600 ms  DeleteObjects: 0.100600 ms)

AssetImportParameters requested are different than current active one (requested -> active):
  custom:video-decoder-ogg-theora: a1e56fd34408186e4bbccfd4996cb3dc -> 
  custom:container-muxer-webm: aa71ff27fc2769a1b78a27578f13a17b -> 
  custom:container-demuxer-webm: 4f35f7cbe854078d1ac9338744f61a02 -> 
  custom:video-encoder-webm-vp8: eb34c28f22e8b96e1ab97ce403110664 -> 
  custom:video-codec-MediaFoundation-h265: 746d11721c4dcdbdad8f713fa42b33f4 -> 
  custom:audio-encoder-webm-vorbis: bf7c407c2cedff20999df2af8eb42d56 -> 
  custom:framework-win-MediaFoundation: 216162199b28c13a410421893ffa2e32 -> 
  custom:container-demuxer-ogg: 62fdf1f143b41e24485cea50d1cbac27 -> 
  custom:video-decoder-webm-vp8: 9c59270c3fd7afecdb556c50c9e8de78 -> 
  custom:audio-decoder-ogg-vorbis: bf7c407c2cedff20999df2af8eb42d56 -> 
